Command line:
   oddparitygen_isim_beh.exe
     -simmode  gui
     -simrunnum  0
     -socket  64740

Mon Oct 26 20:59:49 2020


 Elaboration Time: 0.015625 sec

 Current Memory Usage: 4684.02 Meg

 Total Signals          : 15
 Total Nets             : 17
 Total Signal Drivers   : 6
 Total Blocks           : 2
 Total Primitive Blocks : 2
 Total Processes        : 7
 Total Traceable Variables  : 18
 Total Scalar Nets and Variables : 97
Total Line Count : 15

 Total Simulation Time: 0.015625 sec

 Current Memory Usage: 4998.61 Meg

Mon Oct 26 21:00:47 2020

