Command line:
   dlatch_isim_beh.exe
     -simmode  gui
     -simrunnum  0
     -socket  50444

Thu Oct 29 15:44:06 2020


 Elaboration Time: 0.0625 sec

 Current Memory Usage: 4684.65 Meg

 Total Signals          : 22
 Total Nets             : 20
 Total Signal Drivers   : 12
 Total Blocks           : 3
 Total Primitive Blocks : 2
 Total Processes        : 14
 Total Traceable Variables  : 20
 Total Scalar Nets and Variables : 102
Total Line Count : 28

 Total Simulation Time: 0.0625 sec

 Current Memory Usage: 4999.23 Meg

Thu Oct 29 15:45:01 2020

