Command line:
   Parity_isim_beh.exe
     -simmode  gui
     -simrunnum  0
     -socket  64836

Mon Oct 26 21:27:28 2020


 Elaboration Time: 0.046875 sec

 Current Memory Usage: 4684.06 Meg

 Total Signals          : 18
 Total Nets             : 25
 Total Signal Drivers   : 7
 Total Blocks           : 3
 Total Primitive Blocks : 2
 Total Processes        : 8
 Total Traceable Variables  : 18
 Total Scalar Nets and Variables : 105
Total Line Count : 16

 Total Simulation Time: 0.046875 sec

 Current Memory Usage: 4684.07 Meg

Mon Oct 26 21:27:31 2020

