Command line:
   fa_isim_beh.exe
     -simmode  gui
     -simrunnum  1
     -socket  53086

Thu Oct 01 14:00:17 2020


 Elaboration Time: 0.015625 sec

 Current Memory Usage: 4684.59 Meg

 Total Signals          : 29
 Total Nets             : 21
 Total Signal Drivers   : 10
 Total Blocks           : 4
 Total Primitive Blocks : 3
 Total Processes        : 11
 Total Traceable Variables  : 18
 Total Scalar Nets and Variables : 101
Total Line Count : 19

 Total Simulation Time: 0.03125 sec

 Current Memory Usage: 4999.17 Meg

Thu Oct 01 14:01:38 2020

