Command line:
   Mux_isim_beh.exe
     -simmode  gui
     -simrunnum  0
     -socket  59286

Tue Oct 27 09:23:56 2020


 Elaboration Time: 0.03125 sec

 Current Memory Usage: 4684.05 Meg

 Total Signals          : 16
 Total Nets             : 25
 Total Signal Drivers   : 6
 Total Blocks           : 2
 Total Primitive Blocks : 2
 Total Processes        : 7
 Total Traceable Variables  : 18
 Total Scalar Nets and Variables : 105
Total Line Count : 15

 Total Simulation Time: 0.03125 sec

 Current Memory Usage: 4684.06 Meg

Tue Oct 27 09:24:09 2020

