Command line:
   parity_gen_isim_beh.exe
     -simmode  gui
     -simrunnum  0
     -socket  56928

Thu Sep 24 17:31:34 2020


 Elaboration Time: 0.0625 sec

 Current Memory Usage: 4684.06 Meg

 Total Signals          : 21
 Total Nets             : 20
 Total Signal Drivers   : 12
 Total Blocks           : 3
 Total Primitive Blocks : 2
 Total Processes        : 14
 Total Traceable Variables  : 22
 Total Scalar Nets and Variables : 104
Total Line Count : 96

 Total Simulation Time: 0.0625 sec

 Current Memory Usage: 4684.08 Meg

Thu Sep 24 17:45:15 2020

