Command line:
   Exp_4_2019A7PS0097H_isim_beh.exe
     -simmode  gui
     -simrunnum  0
     -socket  53848

Mon Sep 21 07:58:47 2020


 Elaboration Time: 0.0625 sec

 Current Memory Usage: 4684.09 Meg

 Total Signals          : 21
 Total Nets             : 21
 Total Signal Drivers   : 8
 Total Blocks           : 2
 Total Primitive Blocks : 2
 Total Processes        : 9
 Total Traceable Variables  : 18
 Total Scalar Nets and Variables : 101
Total Line Count : 14

 Total Simulation Time: 0.0625 sec

 Current Memory Usage: 4684.1 Meg

Mon Sep 21 07:58:55 2020

