Command line:
   half_adder_isim_beh.exe
     -simmode  gui
     -simrunnum  0
     -socket  53081

Thu Oct 01 13:58:30 2020


 Elaboration Time: 0.015625 sec

 Current Memory Usage: 4684.05 Meg

 Total Signals          : 19
 Total Nets             : 17
 Total Signal Drivers   : 9
 Total Blocks           : 3
 Total Primitive Blocks : 2
 Total Processes        : 11
 Total Traceable Variables  : 20
 Total Scalar Nets and Variables : 99
Total Line Count : 30

 Total Simulation Time: 0.03125 sec

 Current Memory Usage: 4684.06 Meg

Thu Oct 01 15:07:09 2020

