Command line:
   D_latch_isim_beh.exe
     -simmode  gui
     -simrunnum  0
     -socket  50431

Thu Oct 29 15:40:36 2020


 Elaboration Time: 0.03125 sec

 Current Memory Usage: 4683.99 Meg

 Total Signals          : 20
 Total Nets             : 20
 Total Signal Drivers   : 10
 Total Blocks           : 2
 Total Primitive Blocks : 2
 Total Processes        : 11
 Total Traceable Variables  : 18
 Total Scalar Nets and Variables : 100
Total Line Count : 14

 Total Simulation Time: 0.046875 sec

 Current Memory Usage: 4998.58 Meg

Thu Oct 29 15:41:33 2020

