Command line:
   DFF_CLK_isim_beh.exe
     -simmode  gui
     -simrunnum  0
     -socket  55612

Thu Oct 29 19:32:58 2020


 Elaboration Time: 0.015625 sec

 Current Memory Usage: 4684.01 Meg

 Total Signals          : 15
 Total Nets             : 17
 Total Signal Drivers   : 7
 Total Blocks           : 2
 Total Primitive Blocks : 2
 Total Processes        : 10
 Total Traceable Variables  : 20
 Total Scalar Nets and Variables : 99
Total Line Count : 18

 Total Simulation Time: 0.015625 sec

 Current Memory Usage: 4684.01 Meg

Thu Oct 29 19:33:22 2020

