Command line:
   majority_isim_beh.exe
     -simmode  gui
     -simrunnum  0
     -socket  57072

Thu Sep 24 17:45:34 2020


 Elaboration Time: 0.03125 sec

 Current Memory Usage: 4684.02 Meg

 Total Signals          : 22
 Total Nets             : 21
 Total Signal Drivers   : 13
 Total Blocks           : 3
 Total Primitive Blocks : 2
 Total Processes        : 15
 Total Traceable Variables  : 21
 Total Scalar Nets and Variables : 104
Total Line Count : 48

 Total Simulation Time: 0.03125 sec

 Current Memory Usage: 4998.6 Meg

Thu Sep 24 17:46:46 2020

