Command line:
   fba_isim_beh.exe
     -simmode  gui
     -simrunnum  0
     -socket  51077

Mon Sep 28 00:13:25 2020


 Elaboration Time: 0.046875 sec

 Current Memory Usage: 4683.99 Meg

 Total Signals          : 17
 Total Nets             : 26
 Total Signal Drivers   : 7
 Total Blocks           : 2
 Total Primitive Blocks : 2
 Total Processes        : 7
 Total Traceable Variables  : 18
 Total Scalar Nets and Variables : 106
Total Line Count : 15

 Total Simulation Time: 0.0625 sec

 Current Memory Usage: 4684 Meg

Mon Sep 28 00:13:28 2020

