Command line:
   ha_isim_beh.exe
     -simmode  gui
     -simrunnum  0
     -socket  50906

Sun Sep 27 15:12:17 2020


 Elaboration Time: 0.0625 sec

 Current Memory Usage: 4684.57 Meg

 Total Signals          : 17
 Total Nets             : 17
 Total Signal Drivers   : 7
 Total Blocks           : 2
 Total Primitive Blocks : 2
 Total Processes        : 8
 Total Traceable Variables  : 18
 Total Scalar Nets and Variables : 97
Total Line Count : 16

 Total Simulation Time: 0.078125 sec

 Current Memory Usage: 4684.58 Meg

Sun Sep 27 15:12:23 2020

